#
# There is insufficient memory for the Java Runtime Environment to continue.
# Native memory allocation (malloc) failed to allocate 32784 bytes for Chunk::new
# Possible reasons:
#   The system is out of physical RAM or swap space
#   The process is running with CompressedOops enabled, and the Java Heap may be blocking the growth of the native heap
# Possible solutions:
#   Reduce memory load on the system
#   Increase physical memory or swap space
#   Check if swap backing store is full
#   Decrease Java heap size (-Xmx/-Xms)
#   Decrease number of Java threads
#   Decrease Java thread stack sizes (-Xss)
#   Set larger code cache with -XX:ReservedCodeCacheSize=
#   JVM is running with Unscaled Compressed Oops mode in which the Java heap is
#     placed in the first 4GB address space. The Java Heap base address is the
#     maximum limit for the native heap growth. Please use -XX:HeapBaseMinAddress
#     to set the Java Heap base and to place the Java Heap above 4GB virtual address.
# This output file may be truncated or incomplete.
#
#  Out of Memory Error (allocation.cpp:389), pid=9516, tid=0x0000000000001208
#
# JRE version: OpenJDK Runtime Environment (8.0_202-b03) (build 1.8.0_202-release-1483-b03)
# Java VM: OpenJDK 64-Bit Server VM (25.202-b03 mixed mode windows-amd64 compressed oops)
# Failed to write core dump. Minidumps are not enabled by default on client versions of Windows
#

---------------  T H R E A D  ---------------

Current thread (0x0000000016afb800):  JavaThread "C2 CompilerThread1" daemon [_thread_in_native, id=4616, stack(0x00000000182a0000,0x00000000183a0000)]

Stack: [0x00000000182a0000,0x00000000183a0000]
[error occurred during error reporting (printing stack bounds), id 0xc0000005]

Native frames: (J=compiled Java code, j=interpreted, Vv=VM code, C=native code)


Current CompileTask:
C2:12553942 27388       4       org.gradle.api.internal.artifacts.configurations.DefaultConfiguration_Decorated::getHierarchy (38 bytes)


---------------  P R O C E S S  ---------------

Java Threads: ( => current thread )
  0x000000001fad6000 JavaThread "Cache worker for Build Output Cleanup Cache (C:\Users\Admin\AndroidStudioProjects\LunaChan\.gradle\buildOutputCleanup)" [_thread_blocked, id=15856, stack(0x0000000042a60000,0x0000000042b60000)]
  0x000000001fadd000 JavaThread "Build operations Thread 4" [_thread_blocked, id=7044, stack(0x0000000042960000,0x0000000042a60000)]
  0x000000001fad9000 JavaThread "Build operations Thread 3" [_thread_blocked, id=14184, stack(0x0000000042860000,0x0000000042960000)]
  0x000000001fada800 JavaThread "Build operations Thread 2" [_thread_blocked, id=13284, stack(0x0000000042760000,0x0000000042860000)]
  0x0000000019b61800 JavaThread "Build operations" [_thread_blocked, id=13288, stack(0x0000000042660000,0x0000000042760000)]
  0x0000000019b62000 JavaThread "Cache worker for cache directory md-rule (C:\Users\Admin\.gradle\caches\5.4.1\md-rule)" [_thread_blocked, id=4196, stack(0x0000000042560000,0x0000000042660000)]
  0x0000000019b63000 JavaThread "Cache worker for cache directory md-supplier (C:\Users\Admin\.gradle\caches\5.4.1\md-supplier)" [_thread_blocked, id=12596, stack(0x0000000042460000,0x0000000042560000)]
  0x0000000019b5e800 JavaThread "Cache worker for file hash cache (C:\Users\Admin\AndroidStudioProjects\LunaChan\.gradle\5.4.1\fileHashes)" [_thread_blocked, id=14840, stack(0x0000000042360000,0x0000000042460000)]
  0x0000000019b60000 JavaThread "Thread-364" [_thread_blocked, id=13328, stack(0x0000000042260000,0x0000000042360000)]
  0x0000000019b5f000 JavaThread "Stdin handler" [_thread_blocked, id=4572, stack(0x0000000042160000,0x0000000042260000)]
  0x0000000019b56000 JavaThread "Asynchronous log dispatcher for DefaultDaemonConnection: socket connection from /127.0.0.1:49792 to /127.0.0.1:52573" [_thread_blocked, id=8708, stack(0x0000000042060000,0x0000000042160000)]
  0x0000000019b5d000 JavaThread "Cancel handler" [_thread_blocked, id=14764, stack(0x0000000041f60000,0x0000000042060000)]
  0x0000000019b55800 JavaThread "Handler for socket connection from /127.0.0.1:49792 to /127.0.0.1:52573" [_thread_in_native, id=8888, stack(0x0000000041e60000,0x0000000041f60000)]
  0x0000000019b57800 JavaThread "ForkJoinPool.commonPool-worker-2" daemon [_thread_blocked, id=4296, stack(0x0000000041c60000,0x0000000041d60000)]
  0x0000000019b5a000 JavaThread "Daemon worker Thread 13" [_thread_in_native, id=13828, stack(0x000000003ce60000,0x000000003cf60000)]
  0x0000000019b59000 JavaThread "Daemon Thread 13" [_thread_blocked, id=8492, stack(0x000000003cb60000,0x000000003cc60000)]
  0x0000000019db2000 JavaThread "Cache worker for Java compile cache (C:\Users\Admin\.gradle\caches\5.4.1\javaCompile)" [_thread_blocked, id=9836, stack(0x0000000026ec0000,0x0000000026fc0000)]
  0x0000000019b54800 JavaThread "Cache worker for file content cache (C:\Users\Admin\.gradle\caches\5.4.1\fileContent)" [_thread_blocked, id=4628, stack(0x0000000025bc0000,0x0000000025cc0000)]
  0x000000001fae0000 JavaThread "Memory manager" [_thread_blocked, id=5948, stack(0x00000000239d0000,0x0000000023ad0000)]
  0x000000001fad5800 JavaThread "Cache worker for execution history cache (C:\Users\Admin\.gradle\caches\5.4.1\executionHistory)" [_thread_blocked, id=5416, stack(0x0000000020c00000,0x0000000020d00000)]
  0x00000000185f6800 JavaThread "Cache worker for journal cache (C:\Users\Admin\.gradle\caches\journal-1)" [_thread_blocked, id=5380, stack(0x000000001b820000,0x000000001b920000)]
  0x00000000185fb000 JavaThread "File lock request listener" [_thread_in_native, id=5324, stack(0x000000001b620000,0x000000001b720000)]
  0x00000000185f7800 JavaThread "Cache worker for file hash cache (C:\Users\Admin\.gradle\caches\5.4.1\fileHashes)" [_thread_blocked, id=5424, stack(0x000000001b520000,0x000000001b620000)]
  0x00000000186b8800 JavaThread "Daemon periodic checks" [_thread_blocked, id=5976, stack(0x000000001ab20000,0x000000001ac20000)]
  0x00000000186af800 JavaThread "Incoming local TCP Connector on port 49792" [_thread_in_native, id=11540, stack(0x000000001a8b0000,0x000000001a9b0000)]
  0x0000000019956000 JavaThread "Daemon health stats" [_thread_blocked, id=4940, stack(0x000000001a270000,0x000000001a370000)]
  0x00000000184b8800 JavaThread "Service Thread" daemon [_thread_blocked, id=4904, stack(0x00000000188a0000,0x00000000189a0000)]
  0x0000000016aff800 JavaThread "C1 CompilerThread2" daemon [_thread_in_native, id=4880, stack(0x00000000183a0000,0x00000000184a0000)]
=>0x0000000016afb800 JavaThread "C2 CompilerThread1" daemon [_thread_in_native, id=4616, stack(0x00000000182a0000,0x00000000183a0000)]
  0x0000000016b07800 JavaThread "C2 CompilerThread0" daemon [_thread_in_native, id=4032, stack(0x00000000181a0000,0x00000000182a0000)]
  0x0000000016b06800 JavaThread "Attach Listener" daemon [_thread_blocked, id=4660, stack(0x00000000180a0000,0x00000000181a0000)]
  0x0000000016b05000 JavaThread "Signal Dispatcher" daemon [_thread_blocked, id=4612, stack(0x0000000017fa0000,0x00000000180a0000)]
  0x000000000318b000 JavaThread "Finalizer" daemon [_thread_blocked, id=4484, stack(0x0000000017d80000,0x0000000017e80000)]
  0x0000000016ae9000 JavaThread "Reference Handler" daemon [_thread_blocked, id=4620, stack(0x0000000017c80000,0x0000000017d80000)]
  0x000000000308d800 JavaThread "main" [_thread_blocked, id=10960, stack(0x0000000002f50000,0x0000000003050000)]

Other Threads:
  0x0000000016ac6000 VMThread [stack: 0x0000000017b80000,0x0000000017c80000] [id=2748]
  0x00000000184b9000 WatcherThread [stack: 0x00000000189a0000,0x0000000018aa0000] [id=4944]

VM state:not at safepoint (normal execution)

VM Mutex/Monitor currently owned by a thread: None

heap address: 0x00000000a0000000, size: 1536 MB, Compressed Oops mode: 32-bit
Narrow klass base: 0x0000000000000000, Narrow klass shift: 3
Compressed class space size: 1073741824 Address: 0x0000000100000000

Heap:
 PSYoungGen      total 495616K, used 267637K [0x00000000e0000000, 0x0000000100000000, 0x0000000100000000)
  eden space 467456K, 51% used [0x00000000e0000000,0x00000000ee9e3a10,0x00000000fc880000)
  from space 28160K, 99% used [0x00000000fc880000,0x00000000fe3f99f0,0x00000000fe400000)
  to   space 28672K, 0% used [0x00000000fe400000,0x00000000fe400000,0x0000000100000000)
 ParOldGen       total 213504K, used 140883K [0x00000000a0000000, 0x00000000ad080000, 0x00000000e0000000)
  object space 213504K, 65% used [0x00000000a0000000,0x00000000a8994dd8,0x00000000ad080000)
 Metaspace       used 102605K, capacity 109328K, committed 109400K, reserved 1144832K
  class space    used 12990K, capacity 14136K, committed 14208K, reserved 1048576K

Card table byte_map: [0x0000000012550000,0x0000000012860000] byte_map_base: 0x0000000012050000

Marking Bits: (ParMarkBitMap*) 0x000000006d7b9f30
 Begin Bits: [0x0000000012e60000, 0x0000000014660000)
 End Bits:   [0x0000000014660000, 0x0000000015e60000)

Polling page: 0x00000000011d0000

CodeCache: size=245760Kb used=74839Kb max_used=75806Kb free=170920Kb
 bounds [0x0000000003190000, 0x0000000007c50000, 0x0000000012190000]
 total_blobs=21659 nmethods=20740 adapters=829
 compilation: enabled

Compilation events (10 events):
Event: 12552.638 Thread 0x0000000016aff800 nmethod 27386 0x00000000058436d0 code [0x0000000005843820, 0x0000000005843930]
Event: 12552.642 Thread 0x0000000016aff800 27387       1       com.android.builder.core.DefaultProductFlavor::getMaxSdkVersion (5 bytes)
Event: 12552.642 Thread 0x0000000016aff800 nmethod 27387 0x0000000006e08410 code [0x0000000006e08560, 0x0000000006e08670]
Event: 12552.655 Thread 0x0000000016afb800 27388       4       org.gradle.api.internal.artifacts.configurations.DefaultConfiguration_Decorated::getHierarchy (38 bytes)
Event: 12552.657 Thread 0x0000000016b07800 nmethod 27380 0x0000000006fd7e10 code [0x0000000006fd80c0, 0x0000000006fd98a8]
Event: 12552.657 Thread 0x0000000016b07800 27389       4       org.gradle.api.internal.artifacts.configurations.DefaultConfiguration::getHierarchy (37 bytes)
Event: 12552.657 Thread 0x0000000016aff800 27390       3       com.android.build.gradle.internal.scope.GlobalScope::getErrorHandler (13 bytes)
Event: 12552.658 Thread 0x0000000016aff800 nmethod 27390 0x0000000006f32890 code [0x0000000006f32a00, 0x0000000006f32cb0]
Event: 12552.665 Thread 0x0000000016aff800 27391       3       org.gradle.api.internal.tasks.DefaultTaskContainer::register (20 bytes)
Event: 12552.666 Thread 0x0000000016aff800 nmethod 27391 0x0000000004d92d50 code [0x0000000004d92f60, 0x0000000004d93a88]

GC Heap History (10 events):
Event: 12526.987 GC heap before
{Heap before GC invocations=57 (full 4):
 PSYoungGen      total 419840K, used 405276K [0x00000000e0000000, 0x00000000fb880000, 0x0000000100000000)
  eden space 392704K, 100% used [0x00000000e0000000,0x00000000f7f80000,0x00000000f7f80000)
  from space 27136K, 46% used [0x00000000f9e00000,0x00000000faa47398,0x00000000fb880000)
  to   space 29184K, 0% used [0x00000000f7f80000,0x00000000f7f80000,0x00000000f9c00000)
 ParOldGen       total 213504K, used 96154K [0x00000000a0000000, 0x00000000ad080000, 0x00000000e0000000)
  object space 213504K, 45% used [0x00000000a0000000,0x00000000a5de6ba8,0x00000000ad080000)
 Metaspace       used 101467K, capacity 107072K, committed 107352K, reserved 1142784K
  class space    used 12817K, capacity 13836K, committed 13952K, reserved 1048576K
Event: 12527.025 GC heap after
Heap after GC invocations=57 (full 4):
 PSYoungGen      total 421888K, used 6976K [0x00000000e0000000, 0x00000000fe380000, 0x0000000100000000)
  eden space 392704K, 0% used [0x00000000e0000000,0x00000000e0000000,0x00000000f7f80000)
  from space 29184K, 23% used [0x00000000f7f80000,0x00000000f8650010,0x00000000f9c00000)
  to   space 29184K, 0% used [0x00000000fc700000,0x00000000fc700000,0x00000000fe380000)
 ParOldGen       total 213504K, used 106579K [0x00000000a0000000, 0x00000000ad080000, 0x00000000e0000000)
  object space 213504K, 49% used [0x00000000a0000000,0x00000000a6814cd8,0x00000000ad080000)
 Metaspace       used 101467K, capacity 107072K, committed 107352K, reserved 1142784K
  class space    used 12817K, capacity 13836K, committed 13952K, reserved 1048576K
}
Event: 12528.440 GC heap before
{Heap before GC invocations=58 (full 4):
 PSYoungGen      total 421888K, used 399680K [0x00000000e0000000, 0x00000000fe380000, 0x0000000100000000)
  eden space 392704K, 100% used [0x00000000e0000000,0x00000000f7f80000,0x00000000f7f80000)
  from space 29184K, 23% used [0x00000000f7f80000,0x00000000f8650010,0x00000000f9c00000)
  to   space 29184K, 0% used [0x00000000fc700000,0x00000000fc700000,0x00000000fe380000)
 ParOldGen       total 213504K, used 106579K [0x00000000a0000000, 0x00000000ad080000, 0x00000000e0000000)
  object space 213504K, 49% used [0x00000000a0000000,0x00000000a6814cd8,0x00000000ad080000)
 Metaspace       used 101482K, capacity 107074K, committed 107352K, reserved 1142784K
  class space    used 12818K, capacity 13837K, committed 13952K, reserved 1048576K
Event: 12528.473 GC heap after
Heap after GC invocations=58 (full 4):
 PSYoungGen      total 463872K, used 8380K [0x00000000e0000000, 0x00000000fe200000, 0x0000000100000000)
  eden space 436224K, 0% used [0x00000000e0000000,0x00000000e0000000,0x00000000faa00000)
  from space 27648K, 30% used [0x00000000fc700000,0x00000000fcf2f138,0x00000000fe200000)
  to   space 28672K, 0% used [0x00000000faa00000,0x00000000faa00000,0x00000000fc600000)
 ParOldGen       total 213504K, used 113003K [0x00000000a0000000, 0x00000000ad080000, 0x00000000e0000000)
  object space 213504K, 52% used [0x00000000a0000000,0x00000000a6e5ad38,0x00000000ad080000)
 Metaspace       used 101482K, capacity 107074K, committed 107352K, reserved 1142784K
  class space    used 12818K, capacity 13837K, committed 13952K, reserved 1048576K
}
Event: 12530.265 GC heap before
{Heap before GC invocations=59 (full 4):
 PSYoungGen      total 463872K, used 444604K [0x00000000e0000000, 0x00000000fe200000, 0x0000000100000000)
  eden space 436224K, 100% used [0x00000000e0000000,0x00000000faa00000,0x00000000faa00000)
  from space 27648K, 30% used [0x00000000fc700000,0x00000000fcf2f138,0x00000000fe200000)
  to   space 28672K, 0% used [0x00000000faa00000,0x00000000faa00000,0x00000000fc600000)
 ParOldGen       total 213504K, used 113003K [0x00000000a0000000, 0x00000000ad080000, 0x00000000e0000000)
  object space 213504K, 52% used [0x00000000a0000000,0x00000000a6e5ad38,0x00000000ad080000)
 Metaspace       used 101563K, capacity 107142K, committed 107352K, reserved 1142784K
  class space    used 12821K, capacity 13837K, committed 13952K, reserved 1048576K
Event: 12530.299 GC heap after
Heap after GC invocations=59 (full 4):
 PSYoungGen      total 464896K, used 7564K [0x00000000e0000000, 0x0000000100000000, 0x0000000100000000)
  eden space 436224K, 0% used [0x00000000e0000000,0x00000000e0000000,0x00000000faa00000)
  from space 28672K, 26% used [0x00000000faa00000,0x00000000fb163180,0x00000000fc600000)
  to   space 28160K, 0% used [0x00000000fe480000,0x00000000fe480000,0x0000000100000000)
 ParOldGen       total 213504K, used 119908K [0x00000000a0000000, 0x00000000ad080000, 0x00000000e0000000)
  object space 213504K, 56% used [0x00000000a0000000,0x00000000a75191c0,0x00000000ad080000)
 Metaspace       used 101563K, capacity 107142K, committed 107352K, reserved 1142784K
  class space    used 12821K, capacity 13837K, committed 13952K, reserved 1048576K
}
Event: 12537.317 GC heap before
{Heap before GC invocations=60 (full 4):
 PSYoungGen      total 464896K, used 443788K [0x00000000e0000000, 0x0000000100000000, 0x0000000100000000)
  eden space 436224K, 100% used [0x00000000e0000000,0x00000000faa00000,0x00000000faa00000)
  from space 28672K, 26% used [0x00000000faa00000,0x00000000fb163180,0x00000000fc600000)
  to   space 28160K, 0% used [0x00000000fe480000,0x00000000fe480000,0x0000000100000000)
 ParOldGen       total 213504K, used 119908K [0x00000000a0000000, 0x00000000ad080000, 0x00000000e0000000)
  object space 213504K, 56% used [0x00000000a0000000,0x00000000a75191c0,0x00000000ad080000)
 Metaspace       used 101811K, capacity 107478K, committed 107608K, reserved 1142784K
  class space    used 12836K, capacity 13851K, committed 13952K, reserved 1048576K
Event: 12537.336 GC heap after
Heap after GC invocations=60 (full 4):
 PSYoungGen      total 495104K, used 4480K [0x00000000e0000000, 0x00000000fff80000, 0x0000000100000000)
  eden space 467456K, 0% used [0x00000000e0000000,0x00000000e0000000,0x00000000fc880000)
  from space 27648K, 16% used [0x00000000fe480000,0x00000000fe8e0020,0x00000000fff80000)
  to   space 28160K, 0% used [0x00000000fc880000,0x00000000fc880000,0x00000000fe400000)
 ParOldGen       total 213504K, used 124328K [0x00000000a0000000, 0x00000000ad080000, 0x00000000e0000000)
  object space 213504K, 58% used [0x00000000a0000000,0x00000000a796a200,0x00000000ad080000)
 Metaspace       used 101811K, capacity 107478K, committed 107608K, reserved 1142784K
  class space    used 12836K, capacity 13851K, committed 13952K, reserved 1048576K
}
Event: 12544.399 GC heap before
{Heap before GC invocations=61 (full 4):
 PSYoungGen      total 495104K, used 471936K [0x00000000e0000000, 0x00000000fff80000, 0x0000000100000000)
  eden space 467456K, 100% used [0x00000000e0000000,0x00000000fc880000,0x00000000fc880000)
  from space 27648K, 16% used [0x00000000fe480000,0x00000000fe8e0020,0x00000000fff80000)
  to   space 28160K, 0% used [0x00000000fc880000,0x00000000fc880000,0x00000000fe400000)
 ParOldGen       total 213504K, used 124328K [0x00000000a0000000, 0x00000000ad080000, 0x00000000e0000000)
  object space 213504K, 58% used [0x00000000a0000000,0x00000000a796a200,0x00000000ad080000)
 Metaspace       used 101882K, capacity 107672K, committed 107864K, reserved 1142784K
  class space    used 12842K, capacity 13862K, committed 13952K, reserved 1048576K
Event: 12544.506 GC heap after
Heap after GC invocations=61 (full 4):
 PSYoungGen      total 495616K, used 28134K [0x00000000e0000000, 0x0000000100000000, 0x0000000100000000)
  eden space 467456K, 0% used [0x00000000e0000000,0x00000000e0000000,0x00000000fc880000)
  from space 28160K, 99% used [0x00000000fc880000,0x00000000fe3f99f0,0x00000000fe400000)
  to   space 28672K, 0% used [0x00000000fe400000,0x00000000fe400000,0x0000000100000000)
 ParOldGen       total 213504K, used 140883K [0x00000000a0000000, 0x00000000ad080000, 0x00000000e0000000)
  object space 213504K, 65% used [0x00000000a0000000,0x00000000a8994dd8,0x00000000ad080000)
 Metaspace       used 101882K, capacity 107672K, committed 107864K, reserved 1142784K
  class space    used 12842K, capacity 13862K, committed 13952K, reserved 1048576K
}

Deoptimization events (10 events):
Event: 12541.659 Thread 0x0000000019db5800 Uncommon trap: reason=array_check action=maybe_recompile pc=0x0000000004e5d55c method=java.util.TimSort.mergeHi(IIII)V @ 171
Event: 12544.188 Thread 0x0000000019b5e800 Uncommon trap: reason=speculate_class_check action=maybe_recompile pc=0x0000000006474bfc method=com.android.tools.r8.graph.CachedHashValueDexItem.equals(Ljava/lang/Object;)Z @ 7
Event: 12544.188 Thread 0x0000000019b5e800 Uncommon trap: reason=speculate_class_check action=maybe_recompile pc=0x0000000006474bfc method=com.android.tools.r8.graph.CachedHashValueDexItem.equals(Ljava/lang/Object;)Z @ 7
Event: 12544.188 Thread 0x0000000019b5e800 Uncommon trap: reason=speculate_class_check action=maybe_recompile pc=0x0000000006474bfc method=com.android.tools.r8.graph.CachedHashValueDexItem.equals(Ljava/lang/Object;)Z @ 7
Event: 12544.188 Thread 0x0000000019b5e800 Uncommon trap: reason=speculate_class_check action=maybe_recompile pc=0x0000000006474bfc method=com.android.tools.r8.graph.CachedHashValueDexItem.equals(Ljava/lang/Object;)Z @ 7
Event: 12545.201 Thread 0x0000000019b5e800 Uncommon trap: reason=null_check action=make_not_entrant pc=0x0000000007b86100 method=com.android.tools.r8.graph.LazyLoadedDexApplication.a(Lcom/android/tools/r8/graph/DexType;)Lcom/android/tools/r8/graph/DexProgramClass; @ 51
Event: 12546.314 Thread 0x0000000019b5e800 Uncommon trap: reason=unstable_if action=reinterpret pc=0x0000000003d1cd78 method=java.nio.Bits.copyFromArray(Ljava/lang/Object;JJJJ)V @ 18
Event: 12546.579 Thread 0x0000000019b5a000 Uncommon trap: reason=class_check action=maybe_recompile pc=0x0000000004875294 method=java.util.stream.FindOps$FindOp.evaluateSequential(Ljava/util/stream/PipelineHelper;Ljava/util/Spliterator;)Ljava/lang/Object; @ 14
Event: 12546.579 Thread 0x0000000019b5a000 Uncommon trap: reason=bimorphic action=maybe_recompile pc=0x0000000004aae500 method=java.util.ArrayList$ArrayListSpliterator.tryAdvance(Ljava/util/function/Consumer;)Z @ 48
Event: 12546.581 Thread 0x0000000019b5a000 Uncommon trap: reason=bimorphic action=maybe_recompile pc=0x00000000052411d8 method=java.util.stream.StreamSpliterators$AbstractWrappingSpliterator.doAdvance()Z @ 37

Classes redefined (0 events):
No events

Internal exceptions (10 events):
Event: 12542.838 Thread 0x0000000019db4000 Exception <a 'sun/nio/fs/WindowsException'> (0x00000000f52f4160) thrown at [D:\src\AOSP-openjdk-cygwin\jdk8u\hotspot\src\share\vm\prims\jni.cpp, line 710]
Event: 12542.842 Thread 0x0000000019db4000 Exception <a 'sun/nio/fs/WindowsException'> (0x00000000f52fa788) thrown at [D:\src\AOSP-openjdk-cygwin\jdk8u\hotspot\src\share\vm\prims\jni.cpp, line 710]
Event: 12542.843 Thread 0x0000000019db4000 Exception <a 'sun/nio/fs/WindowsException'> (0x00000000f5301788) thrown at [D:\src\AOSP-openjdk-cygwin\jdk8u\hotspot\src\share\vm\prims\jni.cpp, line 710]
Event: 12542.850 Thread 0x0000000019db4000 Exception <a 'sun/nio/fs/WindowsException'> (0x00000000f5307c88) thrown at [D:\src\AOSP-openjdk-cygwin\jdk8u\hotspot\src\share\vm\prims\jni.cpp, line 710]
Event: 12543.430 Thread 0x0000000019b5d000 Exception <a 'sun/nio/fs/WindowsException'> (0x00000000f6b3c170) thrown at [D:\src\AOSP-openjdk-cygwin\jdk8u\hotspot\src\share\vm\prims\jni.cpp, line 710]
Event: 12543.598 Thread 0x0000000019b57800 Exception <a 'sun/nio/fs/WindowsException'> (0x00000000f7e30128) thrown at [D:\src\AOSP-openjdk-cygwin\jdk8u\hotspot\src\share\vm\prims\jni.cpp, line 710]
Event: 12544.015 Thread 0x0000000019db4000 Exception <a 'sun/nio/fs/WindowsException'> (0x00000000f7fe3980) thrown at [D:\src\AOSP-openjdk-cygwin\jdk8u\hotspot\src\share\vm\prims\jni.cpp, line 710]
Event: 12545.201 Thread 0x0000000019b5e800 Implicit null exception at 0x0000000007b853db to 0x0000000007b860f5
Event: 12546.253 Thread 0x0000000019b5e800 Exception <a 'sun/nio/fs/WindowsException'> (0x00000000e7873800) thrown at [D:\src\AOSP-openjdk-cygwin\jdk8u\hotspot\src\share\vm\prims\jni.cpp, line 710]
Event: 12547.987 Thread 0x0000000019b5a000 Exception <a 'sun/nio/fs/WindowsException'> (0x00000000ed14db78) thrown at [D:\src\AOSP-openjdk-cygwin\jdk8u\hotspot\src\share\vm\prims\jni.cpp, line 710]

Events (10 events):
Event: 12552.639 Thread 0x0000000016aff800 flushing nmethod 0x000000000740e450
Event: 12552.639 Thread 0x0000000016aff800 flushing nmethod 0x00000000074b1650
Event: 12552.639 Thread 0x0000000016aff800 flushing nmethod 0x00000000074ca210
Event: 12552.640 Thread 0x0000000016aff800 flushing nmethod 0x00000000075469d0
Event: 12552.640 Thread 0x0000000016aff800 flushing nmethod 0x0000000007562dd0
Event: 12552.640 Thread 0x0000000016aff800 flushing nmethod 0x000000000768fc10
Event: 12552.641 Thread 0x0000000016aff800 flushing nmethod 0x0000000007703ad0
Event: 12552.641 Thread 0x0000000016aff800 flushing nmethod 0x00000000077c09d0
Event: 12552.641 Thread 0x0000000016aff800 flushing nmethod 0x0000000007913590
Event: 12552.642 Thread 0x0000000016aff800 flushing nmethod 0x00000000079b2750


Dynamic libraries:
0x00007ff714100000 - 0x00007ff714131000 	C:\Program Files\Android\Android Studio\jre\bin\java.exe
0x00007ffc90fe0000 - 0x00007ffc911c1000 	C:\WINDOWS\SYSTEM32\ntdll.dll
0x00007ffc8f880000 - 0x00007ffc8f932000 	C:\WINDOWS\System32\KERNEL32.DLL
0x00007ffc8d520000 - 0x00007ffc8d793000 	C:\WINDOWS\System32\KERNELBASE.dll
0x00007ffc8fe60000 - 0x00007ffc8ff01000 	C:\WINDOWS\System32\ADVAPI32.dll
0x00007ffc90840000 - 0x00007ffc908de000 	C:\WINDOWS\System32\msvcrt.dll
0x00007ffc90f20000 - 0x00007ffc90f7b000 	C:\WINDOWS\System32\sechost.dll
0x00007ffc8fa50000 - 0x00007ffc8fb74000 	C:\WINDOWS\System32\RPCRT4.dll
0x00007ffc8ff40000 - 0x00007ffc900d0000 	C:\WINDOWS\System32\USER32.dll
0x00007ffc8dfc0000 - 0x00007ffc8dfe0000 	C:\WINDOWS\System32\win32u.dll
0x00007ffc8fa20000 - 0x00007ffc8fa48000 	C:\WINDOWS\System32\GDI32.dll
0x00007ffc8d380000 - 0x00007ffc8d512000 	C:\WINDOWS\System32\gdi32full.dll
0x00007ffc8e3a0000 - 0x00007ffc8e43f000 	C:\WINDOWS\System32\msvcp_win.dll
0x00007ffc8e2a0000 - 0x00007ffc8e39a000 	C:\WINDOWS\System32\ucrtbase.dll
0x00007ffc7e870000 - 0x00007ffc7ead9000 	C:\WINDOWS\WinSxS\amd64_microsoft.windows.common-controls_6595b64144ccf1df_6.0.17134.112_none_fb3f961b30681c12\COMCTL32.dll
0x00007ffc90a80000 - 0x00007ffc90da3000 	C:\WINDOWS\System32\combase.dll
0x00007ffc8e220000 - 0x00007ffc8e29a000 	C:\WINDOWS\System32\bcryptPrimitives.dll
0x00007ffc8ff10000 - 0x00007ffc8ff3d000 	C:\WINDOWS\System32\IMM32.DLL
0x000000006cf10000 - 0x000000006cfe2000 	C:\Program Files\Android\Android Studio\jre\jre\bin\msvcr100.dll
0x000000006cff0000 - 0x000000006d836000 	C:\Program Files\Android\Android Studio\jre\jre\bin\server\jvm.dll
0x00007ffc8f940000 - 0x00007ffc8f948000 	C:\WINDOWS\System32\PSAPI.DLL
0x00007ffc7ad40000 - 0x00007ffc7ad4a000 	C:\WINDOWS\SYSTEM32\VERSION.dll
0x00007ffc735f0000 - 0x00007ffc735f9000 	C:\WINDOWS\SYSTEM32\WSOCK32.dll
0x00007ffc8fdf0000 - 0x00007ffc8fe5c000 	C:\WINDOWS\System32\WS2_32.dll
0x00007ffc8a140000 - 0x00007ffc8a163000 	C:\WINDOWS\SYSTEM32\WINMM.dll
0x00007ffc8a110000 - 0x00007ffc8a13a000 	C:\WINDOWS\SYSTEM32\WINMMBASE.dll
0x00007ffc8e1d0000 - 0x00007ffc8e219000 	C:\WINDOWS\System32\cfgmgr32.dll
0x00007ffc7afa0000 - 0x00007ffc7afaf000 	C:\Program Files\Android\Android Studio\jre\jre\bin\verify.dll
0x00007ffc7af70000 - 0x00007ffc7af99000 	C:\Program Files\Android\Android Studio\jre\jre\bin\java.dll
0x00007ffc50660000 - 0x00007ffc50676000 	C:\Program Files\Android\Android Studio\jre\jre\bin\zip.dll
0x00007ffc8e440000 - 0x00007ffc8f880000 	C:\WINDOWS\System32\SHELL32.dll
0x00007ffc90e70000 - 0x00007ffc90f19000 	C:\WINDOWS\System32\shcore.dll
0x00007ffc8d850000 - 0x00007ffc8df5d000 	C:\WINDOWS\System32\windows.storage.dll
0x00007ffc90e10000 - 0x00007ffc90e61000 	C:\WINDOWS\System32\shlwapi.dll
0x00007ffc8d300000 - 0x00007ffc8d311000 	C:\WINDOWS\System32\kernel.appcore.dll
0x00007ffc8d2e0000 - 0x00007ffc8d2ff000 	C:\WINDOWS\System32\profapi.dll
0x00007ffc8d320000 - 0x00007ffc8d36c000 	C:\WINDOWS\System32\powrprof.dll
0x00007ffc8d370000 - 0x00007ffc8d37a000 	C:\WINDOWS\System32\FLTLIB.DLL
0x00007ffc50640000 - 0x00007ffc5065a000 	C:\Program Files\Android\Android Studio\jre\jre\bin\net.dll
0x00007ffc8cb40000 - 0x00007ffc8cba6000 	C:\WINDOWS\system32\mswsock.dll
0x00007ffc50620000 - 0x00007ffc50631000 	C:\Program Files\Android\Android Studio\jre\jre\bin\nio.dll
0x00007ffc88a70000 - 0x00007ffc88a96000 	C:\Users\Admin\.gradle\native\29\windows-amd64\native-platform.dll
0x00007ffc7af60000 - 0x00007ffc7af6d000 	C:\Program Files\Android\Android Studio\jre\jre\bin\management.dll
0x00007ffc8cd00000 - 0x00007ffc8cd17000 	C:\WINDOWS\SYSTEM32\CRYPTSP.dll
0x00007ffc8c720000 - 0x00007ffc8c753000 	C:\WINDOWS\system32\rsaenh.dll
0x00007ffc8ce20000 - 0x00007ffc8ce45000 	C:\WINDOWS\SYSTEM32\bcrypt.dll
0x00007ffc8d1c0000 - 0x00007ffc8d1e8000 	C:\WINDOWS\SYSTEM32\USERENV.dll
0x00007ffc8ccf0000 - 0x00007ffc8ccfb000 	C:\WINDOWS\SYSTEM32\CRYPTBASE.dll
0x00007ffc8c8c0000 - 0x00007ffc8c8f8000 	C:\WINDOWS\SYSTEM32\IPHLPAPI.DLL
0x00007ffc8fc00000 - 0x00007ffc8fc08000 	C:\WINDOWS\System32\NSI.dll
0x00007ffc7f420000 - 0x00007ffc7f436000 	C:\WINDOWS\SYSTEM32\dhcpcsvc6.DLL
0x00007ffc7f770000 - 0x00007ffc7f78a000 	C:\WINDOWS\SYSTEM32\dhcpcsvc.DLL
0x00007ffc50150000 - 0x00007ffc50174000 	C:\Program Files\Android\Android Studio\jre\jre\bin\sunec.dll
0x00007ffc8c900000 - 0x00007ffc8c9be000 	C:\WINDOWS\SYSTEM32\DNSAPI.dll
0x00007ffc7b830000 - 0x00007ffc7b83a000 	C:\Windows\System32\rasadhlp.dll
0x00007ffc7c9c0000 - 0x00007ffc7ca32000 	C:\WINDOWS\System32\fwpuclnt.dll
0x00007ffc50140000 - 0x00007ffc5014b000 	C:\Program Files\Android\Android Studio\jre\jre\bin\sunmscapi.dll
0x00007ffc8dfe0000 - 0x00007ffc8e1c2000 	C:\WINDOWS\System32\CRYPT32.dll
0x00007ffc8d2c0000 - 0x00007ffc8d2d2000 	C:\WINDOWS\System32\MSASN1.dll

VM Arguments:
jvm_args: -Xmx1536m -Dfile.encoding=windows-1252 -Duser.country=FR -Duser.language=fr -Duser.variant 
java_command: org.gradle.launcher.daemon.bootstrap.GradleDaemon 5.4.1
java_class_path (initial): C:\Users\Admin\.gradle\wrapper\dists\gradle-5.4.1-all\3221gyojl5jsh0helicew7rwx\gradle-5.4.1\lib\gradle-launcher-5.4.1.jar
Launcher Type: SUN_STANDARD

Environment Variables:
PATH=C:\Program Files (x86)\Common Files\Oracle\Java\javapath;C:\WINDOWS\system32;C:\WINDOWS;C:\WINDOWS\System32\Wbem;C:\WINDOWS\System32\WindowsPowerShell\v1.0\;C:\Program Files\Git\cmd;C:\WINDOWS\System32\OpenSSH\;C:\Users\Admin\AppData\Local\Microsoft\WindowsApps;;C:\Users\Admin\AppData\Local\Programs\Microsoft VS Code\bin
USERNAME=Admin
OS=Windows_NT
PROCESSOR_IDENTIFIER=Intel64 Family 6 Model 78 Stepping 3, GenuineIntel



---------------  S Y S T E M  ---------------

OS: Windows 10.0 , 64 bit Build 17134 (10.0.17134.1)

CPU:total 4 (initial active 4) (2 cores per cpu, 2 threads per core) family 6 model 78 stepping 3, cmov, cx8, fxsr, mmx, sse, sse2, sse3, ssse3, sse4.1, sse4.2, popcnt, avx, avx2, aes, clmul, erms, 3dnowpref, lzcnt, ht, tsc, tscinvbit, bmi1, bmi2, adx

Memory: 4k page, physical 8082912k(745200k free), swap 9131488k(324k free)

vm_info: OpenJDK 64-Bit Server VM (25.202-b03) for windows-amd64 JRE (1.8.0_202-release-1483-b03), built by "builder" with MS VC++ 10.0 (VS2010)

time: Wed Oct 23 16:09:46 2019
timezone: Paris, Madrid (heure d’été)
elapsed time: 12552 seconds (0d 3h 29m 12s)

